# JRE version: OpenJDK Runtime Environment Temurin-17.0.8.1+1 (17.0.8.1+1) (build 17.0.8.1+1)
# Java VM: OpenJDK 64-Bit Server VM Temurin-17.0.8.1+1 (17.0.8.1+1, mixed mode, emulated-client, tiered, compressed oops, compressed class ptrs, g1 gc, windows-amd64)
GC Precious Log:
 CPUs: 16 total, 16 available
 Memory: 32115M
 Large Page Support: Disabled
 NUMA Support: Disabled
 Compressed Oops: Enabled (32-bit)
 Heap Region Size: 1M
 Heap Min Capacity: 8M
 Heap Initial Capacity: 502M
 Heap Max Capacity: 1G
 Pre-touch: Disabled
 Parallel Workers: 13
 Concurrent Workers: 3
 Concurrent Refinement Workers: 13
 Periodic GC: Disabled
Heap:
 garbage-first heap   total 86016K, used 33249K [0x00000000c0000000, 0x0000000100000000)
  region size 1024K, 1 young (1024K), 0 survivors (0K)
 Metaspace       used 56918K, committed 57408K, reserved 1114112K
  class space    used 7294K, committed 7552K, reserved 1048576K
GC Heap History (20 events):
Event: 68019.470 GC heap before
{Heap before GC invocations=5692 (full 5465):
 garbage-first heap   total 86016K, used 33249K [0x00000000c0000000, 0x0000000100000000)
  region size 1024K, 1 young (1024K), 0 survivors (0K)
 Metaspace       used 56918K, committed 57408K, reserved 1114112K
  class space    used 7294K, committed 7552K, reserved 1048576K
}
Event: 68019.513 GC heap after
{Heap after GC invocations=5693 (full 5466):
 garbage-first heap   total 86016K, used 33249K [0x00000000c0000000, 0x0000000100000000)
  region size 1024K, 0 young (0K), 0 survivors (0K)
 Metaspace       used 56918K, committed 57408K, reserved 1114112K
  class space    used 7294K, committed 7552K, reserved 1048576K
}
Event: 68029.711 GC heap before
{Heap before GC invocations=5693 (full 5466):
 garbage-first heap   total 86016K, used 33249K [0x00000000c0000000, 0x0000000100000000)
  region size 1024K, 1 young (1024K), 0 survivors (0K)
 Metaspace       used 56918K, committed 57408K, reserved 1114112K
  class space    used 7294K, committed 7552K, reserved 1048576K
}
Event: 68029.747 GC heap after
{Heap after GC invocations=5694 (full 5467):
 garbage-first heap   total 86016K, used 33249K [0x00000000c0000000, 0x0000000100000000)
  region size 1024K, 0 young (0K), 0 survivors (0K)
 Metaspace       used 56918K, committed 57408K, reserved 1114112K
  class space    used 7294K, committed 7552K, reserved 1048576K
}
Event: 68039.937 GC heap before
{Heap before GC invocations=5694 (full 5467):
 garbage-first heap   total 86016K, used 33249K [0x00000000c0000000, 0x0000000100000000)
  region size 1024K, 1 young (1024K), 0 survivors (0K)
 Metaspace       used 56918K, committed 57408K, reserved 1114112K
  class space    used 7294K, committed 7552K, reserved 1048576K
}
Event: 68039.971 GC heap after
{Heap after GC invocations=5695 (full 5468):
 garbage-first heap   total 86016K, used 33249K [0x00000000c0000000, 0x0000000100000000)
  region size 1024K, 0 young (0K), 0 survivors (0K)
 Metaspace       used 56918K, committed 57408K, reserved 1114112K
  class space    used 7294K, committed 7552K, reserved 1048576K
}
Event: 68050.152 GC heap before
{Heap before GC invocations=5695 (full 5468):
 garbage-first heap   total 86016K, used 33249K [0x00000000c0000000, 0x0000000100000000)
  region size 1024K, 1 young (1024K), 0 survivors (0K)
 Metaspace       used 56918K, committed 57408K, reserved 1114112K
  class space    used 7294K, committed 7552K, reserved 1048576K
}
Event: 68050.186 GC heap after
{Heap after GC invocations=5696 (full 5469):
 garbage-first heap   total 86016K, used 33249K [0x00000000c0000000, 0x0000000100000000)
  region size 1024K, 0 young (0K), 0 survivors (0K)
 Metaspace       used 56918K, committed 57408K, reserved 1114112K
  class space    used 7294K, committed 7552K, reserved 1048576K
}
Event: 68060.448 GC heap before
{Heap before GC invocations=5696 (full 5469):
 garbage-first heap   total 86016K, used 33249K [0x00000000c0000000, 0x0000000100000000)
  region size 1024K, 1 young (1024K), 0 survivors (0K)
 Metaspace       used 56918K, committed 57408K, reserved 1114112K
  class space    used 7294K, committed 7552K, reserved 1048576K
}
Event: 68060.491 GC heap after
{Heap after GC invocations=5697 (full 5470):
 garbage-first heap   total 86016K, used 33249K [0x00000000c0000000, 0x0000000100000000)
  region size 1024K, 0 young (0K), 0 survivors (0K)
 Metaspace       used 56918K, committed 57408K, reserved 1114112K
  class space    used 7294K, committed 7552K, reserved 1048576K
}
Event: 68070.702 GC heap before
{Heap before GC invocations=5697 (full 5470):
 garbage-first heap   total 86016K, used 33249K [0x00000000c0000000, 0x0000000100000000)
  region size 1024K, 1 young (1024K), 0 survivors (0K)
 Metaspace       used 56918K, committed 57408K, reserved 1114112K
  class space    used 7294K, committed 7552K, reserved 1048576K
}
Event: 68070.738 GC heap after
{Heap after GC invocations=5698 (full 5471):
 garbage-first heap   total 86016K, used 33249K [0x00000000c0000000, 0x0000000100000000)
  region size 1024K, 0 young (0K), 0 survivors (0K)
 Metaspace       used 56918K, committed 57408K, reserved 1114112K
  class space    used 7294K, committed 7552K, reserved 1048576K
}
Event: 68080.915 GC heap before
{Heap before GC invocations=5698 (full 5471):
 garbage-first heap   total 86016K, used 33249K [0x00000000c0000000, 0x0000000100000000)
  region size 1024K, 1 young (1024K), 0 survivors (0K)
 Metaspace       used 56918K, committed 57408K, reserved 1114112K
  class space    used 7294K, committed 7552K, reserved 1048576K
}
Event: 68080.949 GC heap after
{Heap after GC invocations=5699 (full 5472):
 garbage-first heap   total 86016K, used 33249K [0x00000000c0000000, 0x0000000100000000)
  region size 1024K, 0 young (0K), 0 survivors (0K)
 Metaspace       used 56918K, committed 57408K, reserved 1114112K
  class space    used 7294K, committed 7552K, reserved 1048576K
}
Event: 68091.145 GC heap before
{Heap before GC invocations=5699 (full 5472):
 garbage-first heap   total 86016K, used 33249K [0x00000000c0000000, 0x0000000100000000)
  region size 1024K, 1 young (1024K), 0 survivors (0K)
 Metaspace       used 56918K, committed 57408K, reserved 1114112K
  class space    used 7294K, committed 7552K, reserved 1048576K
}
Event: 68091.180 GC heap after
{Heap after GC invocations=5700 (full 5473):
 garbage-first heap   total 86016K, used 33249K [0x00000000c0000000, 0x0000000100000000)
  region size 1024K, 0 young (0K), 0 survivors (0K)
 Metaspace       used 56918K, committed 57408K, reserved 1114112K
  class space    used 7294K, committed 7552K, reserved 1048576K
}
Event: 68101.375 GC heap before
{Heap before GC invocations=5700 (full 5473):
 garbage-first heap   total 86016K, used 33249K [0x00000000c0000000, 0x0000000100000000)
  region size 1024K, 1 young (1024K), 0 survivors (0K)
 Metaspace       used 56918K, committed 57408K, reserved 1114112K
  class space    used 7294K, committed 7552K, reserved 1048576K
}
Event: 68101.424 GC heap after
{Heap after GC invocations=5701 (full 5474):
 garbage-first heap   total 86016K, used 33249K [0x00000000c0000000, 0x0000000100000000)
  region size 1024K, 0 young (0K), 0 survivors (0K)
 Metaspace       used 56918K, committed 57408K, reserved 1114112K
  class space    used 7294K, committed 7552K, reserved 1048576K
}
Event: 68111.713 GC heap before
{Heap before GC invocations=5701 (full 5474):
 garbage-first heap   total 86016K, used 33249K [0x00000000c0000000, 0x0000000100000000)
  region size 1024K, 1 young (1024K), 0 survivors (0K)
 Metaspace       used 56918K, committed 57408K, reserved 1114112K
  class space    used 7294K, committed 7552K, reserved 1048576K
}
Event: 68111.761 GC heap after
{Heap after GC invocations=5702 (full 5475):
 garbage-first heap   total 86016K, used 33249K [0x00000000c0000000, 0x0000000100000000)
  region size 1024K, 0 young (0K), 0 survivors (0K)
 Metaspace       used 56918K, committed 57408K, reserved 1114112K
  class space    used 7294K, committed 7552K, reserved 1048576K
}

